==25490== Memcheck, a memory error detector
==25490== Copyright (C) 2002-2022, and GNU GPL'd, by Julian Seward et al.
==25490== Using Valgrind-3.21.0.GIT-lbmacos and LibVEX; rerun with -h for copyright info
==25490== Command: ./cub3d map.cub
==25490== Parent PID: 12979
==25490== 
==25490== 
==25490== HEAP SUMMARY:
==25490==     in use at exit: 18,007 bytes in 162 blocks
==25490==   total heap usage: 221 allocs, 59 frees, 23,999 bytes allocated
==25490== 
==25490== LEAK SUMMARY:
==25490==    definitely lost: 0 bytes in 0 blocks
==25490==    indirectly lost: 0 bytes in 0 blocks
==25490==      possibly lost: 0 bytes in 0 blocks
==25490==    still reachable: 0 bytes in 0 blocks
==25490==         suppressed: 18,007 bytes in 162 blocks
==25490== 
==25490== For lists of detected and suppressed errors, rerun with: -s
==25490== ERROR SUMMARY: 0 errors from 0 contexts (suppressed: 7 from 7)
